{
  "Minitest": {
    "coverage": {
      "/Users/willhelliwell/Dropbox/projects/whisky_tracker/test/controllers/home_controller_test.rb": {
        "lines": [
          null,
          null,
          1,
          null,
          1,
          1,
          0,
          0,
          null,
          null
        ]
      }
    },
    "timestamp": 1616769595
  },
  "RSpec": {
    "coverage": {
      "/Users/willhelliwell/Dropbox/projects/whisky_tracker/app/helpers/application_helper.rb": {
        "lines": [
          null,
          null,
          1,
          null
        ]
      },
      "/Users/willhelliwell/Dropbox/projects/whisky_tracker/app/helpers/home_helper.rb": {
        "lines": [
          null,
          null,
          1,
          null
        ]
      },
      "/Users/willhelliwell/Dropbox/projects/whisky_tracker/app/controllers/home_controller.rb": {
        "lines": [
          null,
          null,
          1,
          1,
          null
        ]
      },
      "/Users/willhelliwell/Dropbox/projects/whisky_tracker/app/controllers/application_controller.rb": {
        "lines": [
          null,
          null,
          1,
          null
        ]
      },
      "/Users/willhelliwell/Dropbox/projects/whisky_tracker/app/mailers/application_mailer.rb": {
        "lines": [
          null,
          null,
          0,
          0,
          0,
          0
        ],
        "branches": {
        }
      },
      "/Users/willhelliwell/Dropbox/projects/whisky_tracker/app/models/application_record.rb": {
        "lines": [
          null,
          null,
          0,
          0,
          0
        ],
        "branches": {
        }
      },
      "/Users/willhelliwell/Dropbox/projects/whisky_tracker/app/jobs/application_job.rb": {
        "lines": [
          null,
          null,
          0,
          null,
          null,
          null,
          null,
          null,
          0
        ],
        "branches": {
        }
      },
      "/Users/willhelliwell/Dropbox/projects/whisky_tracker/app/channels/application_cable/connection.rb": {
        "lines": [
          null,
          null,
          0,
          0,
          0,
          0
        ],
        "branches": {
        }
      },
      "/Users/willhelliwell/Dropbox/projects/whisky_tracker/app/channels/application_cable/channel.rb": {
        "lines": [
          null,
          null,
          0,
          0,
          0,
          0
        ],
        "branches": {
        }
      }
    },
    "timestamp": 1616772519
  }
}
